# JRE version: Java(TM) SE Runtime Environment (17.0.8+9) (build 17.0.8+9-LTS-211)
# Java VM: Java HotSpot(TM) 64-Bit Server VM (17.0.8+9-LTS-211, mixed mode, sharing, tiered, compressed oops, compressed class ptrs, g1 gc, windows-amd64)
GC Precious Log:
 CPUs: 16 total, 16 available
 Memory: 15941M
 Large Page Support: Disabled
 NUMA Support: Disabled
 Compressed Oops: Enabled (32-bit)
 Heap Region Size: 1M
 Heap Min Capacity: 256M
 Heap Initial Capacity: 256M
 Heap Max Capacity: 512M
 Pre-touch: Disabled
 Parallel Workers: 13
 Concurrent Workers: 3
 Concurrent Refinement Workers: 13
 Periodic GC: Disabled
Heap:
 garbage-first heap   total 262144K, used 188261K [0x00000000e0000000, 0x0000000100000000)
  region size 1024K, 128 young (131072K), 14 survivors (14336K)
 Metaspace       used 65436K, committed 66048K, reserved 393216K
  class space    used 8926K, committed 9216K, reserved 327680K
GC Heap History (18 events):
Event: 0.740 GC heap before
{Heap before GC invocations=0 (full 0):
 garbage-first heap   total 262144K, used 26624K [0x00000000e0000000, 0x0000000100000000)
  region size 1024K, 23 young (23552K), 0 survivors (0K)
 Metaspace       used 2962K, committed 3072K, reserved 393216K
  class space    used 371K, committed 448K, reserved 327680K
}
Event: 0.752 GC heap after
{Heap after GC invocations=1 (full 0):
 garbage-first heap   total 262144K, used 10673K [0x00000000e0000000, 0x0000000100000000)
  region size 1024K, 3 young (3072K), 3 survivors (3072K)
 Metaspace       used 2962K, committed 3072K, reserved 393216K
  class space    used 371K, committed 448K, reserved 327680K
}
Event: 1.327 GC heap before
{Heap before GC invocations=1 (full 0):
 garbage-first heap   total 262144K, used 38321K [0x00000000e0000000, 0x0000000100000000)
  region size 1024K, 30 young (30720K), 3 survivors (3072K)
 Metaspace       used 4098K, committed 4224K, reserved 393216K
  class space    used 497K, committed 576K, reserved 327680K
}
Event: 1.330 GC heap after
{Heap after GC invocations=2 (full 0):
 garbage-first heap   total 262144K, used 11794K [0x00000000e0000000, 0x0000000100000000)
  region size 1024K, 1 young (1024K), 1 survivors (1024K)
 Metaspace       used 4098K, committed 4224K, reserved 393216K
  class space    used 497K, committed 576K, reserved 327680K
}
Event: 3.549 GC heap before
{Heap before GC invocations=2 (full 0):
 garbage-first heap   total 262144K, used 115218K [0x00000000e0000000, 0x0000000100000000)
  region size 1024K, 101 young (103424K), 1 survivors (1024K)
 Metaspace       used 18747K, committed 19072K, reserved 393216K
  class space    used 2726K, committed 2880K, reserved 327680K
}
Event: 3.555 GC heap after
{Heap after GC invocations=3 (full 0):
 garbage-first heap   total 262144K, used 21860K [0x00000000e0000000, 0x0000000100000000)
  region size 1024K, 11 young (11264K), 11 survivors (11264K)
 Metaspace       used 18747K, committed 19072K, reserved 393216K
  class space    used 2726K, committed 2880K, reserved 327680K
}
Event: 4.045 GC heap before
{Heap before GC invocations=3 (full 0):
 garbage-first heap   total 262144K, used 41316K [0x00000000e0000000, 0x0000000100000000)
  region size 1024K, 31 young (31744K), 11 survivors (11264K)
 Metaspace       used 21194K, committed 21504K, reserved 393216K
  class space    used 3095K, committed 3264K, reserved 327680K
}
Event: 4.049 GC heap after
{Heap after GC invocations=4 (full 0):
 garbage-first heap   total 262144K, used 23606K [0x00000000e0000000, 0x0000000100000000)
  region size 1024K, 12 young (12288K), 12 survivors (12288K)
 Metaspace       used 21194K, committed 21504K, reserved 393216K
  class space    used 3095K, committed 3264K, reserved 327680K
}
Event: 5.846 GC heap before
{Heap before GC invocations=5 (full 0):
 garbage-first heap   total 262144K, used 143414K [0x00000000e0000000, 0x0000000100000000)
  region size 1024K, 126 young (129024K), 12 survivors (12288K)
 Metaspace       used 35615K, committed 35968K, reserved 393216K
  class space    used 4964K, committed 5120K, reserved 327680K
}
Event: 5.857 GC heap after
{Heap after GC invocations=6 (full 0):
 garbage-first heap   total 262144K, used 32286K [0x00000000e0000000, 0x0000000100000000)
  region size 1024K, 11 young (11264K), 11 survivors (11264K)
 Metaspace       used 35615K, committed 35968K, reserved 393216K
  class space    used 4964K, committed 5120K, reserved 327680K
}
Event: 8.243 GC heap before
{Heap before GC invocations=7 (full 0):
 garbage-first heap   total 262144K, used 185886K [0x00000000e0000000, 0x0000000100000000)
  region size 1024K, 153 young (156672K), 11 survivors (11264K)
 Metaspace       used 48039K, committed 48512K, reserved 393216K
  class space    used 6759K, committed 6976K, reserved 327680K
}
Event: 8.254 GC heap after
{Heap after GC invocations=8 (full 0):
 garbage-first heap   total 262144K, used 49841K [0x00000000e0000000, 0x0000000100000000)
  region size 1024K, 20 young (20480K), 20 survivors (20480K)
 Metaspace       used 48039K, committed 48512K, reserved 393216K
  class space    used 6759K, committed 6976K, reserved 327680K
}
Event: 10.369 GC heap before
{Heap before GC invocations=8 (full 0):
 garbage-first heap   total 262144K, used 185009K [0x00000000e0000000, 0x0000000100000000)
  region size 1024K, 153 young (156672K), 20 survivors (20480K)
 Metaspace       used 56405K, committed 56960K, reserved 393216K
  class space    used 7875K, committed 8192K, reserved 327680K
}
Event: 10.382 GC heap after
{Heap after GC invocations=9 (full 0):
 garbage-first heap   total 262144K, used 59744K [0x00000000e0000000, 0x0000000100000000)
  region size 1024K, 10 young (10240K), 10 survivors (10240K)
 Metaspace       used 56405K, committed 56960K, reserved 393216K
  class space    used 7875K, committed 8192K, reserved 327680K
}
Event: 11.124 GC heap before
{Heap before GC invocations=9 (full 0):
 garbage-first heap   total 262144K, used 89440K [0x00000000e0000000, 0x0000000100000000)
  region size 1024K, 40 young (40960K), 10 survivors (10240K)
 Metaspace       used 59574K, committed 60096K, reserved 393216K
  class space    used 8322K, committed 8576K, reserved 327680K
}
Event: 11.129 GC heap after
{Heap after GC invocations=10 (full 0):
 garbage-first heap   total 262144K, used 61102K [0x00000000e0000000, 0x0000000100000000)
  region size 1024K, 12 young (12288K), 12 survivors (12288K)
 Metaspace       used 59574K, committed 60096K, reserved 393216K
  class space    used 8322K, committed 8576K, reserved 327680K
}
Event: 13.248 GC heap before
{Heap before GC invocations=11 (full 0):
 garbage-first heap   total 262144K, used 203438K [0x00000000e0000000, 0x0000000100000000)
  region size 1024K, 152 young (155648K), 12 survivors (12288K)
 Metaspace       used 64101K, committed 64768K, reserved 393216K
  class space    used 8766K, committed 9088K, reserved 327680K
}
Event: 13.257 GC heap after
{Heap after GC invocations=12 (full 0):
 garbage-first heap   total 262144K, used 73573K [0x00000000e0000000, 0x0000000100000000)
  region size 1024K, 14 young (14336K), 14 survivors (14336K)
 Metaspace       used 64101K, committed 64768K, reserved 393216K
  class space    used 8766K, committed 9088K, reserved 327680K
}

