# JRE version: Java(TM) SE Runtime Environment (17.0.8+9) (build 17.0.8+9-LTS-211)
# Java VM: Java HotSpot(TM) 64-Bit Server VM (17.0.8+9-LTS-211, mixed mode, sharing, tiered, compressed oops, compressed class ptrs, g1 gc, windows-amd64)
GC Precious Log:
 CPUs: 16 total, 16 available
 Memory: 15941M
 Large Page Support: Disabled
 NUMA Support: Disabled
 Compressed Oops: Enabled (32-bit)
 Heap Region Size: 1M
 Heap Min Capacity: 256M
 Heap Initial Capacity: 256M
 Heap Max Capacity: 512M
 Pre-touch: Disabled
 Parallel Workers: 13
 Concurrent Workers: 3
 Concurrent Refinement Workers: 13
 Periodic GC: Disabled
Heap:
 garbage-first heap   total 262144K, used 196110K [0x00000000e0000000, 0x0000000100000000)
  region size 1024K, 136 young (139264K), 14 survivors (14336K)
 Metaspace       used 65660K, committed 66240K, reserved 393216K
  class space    used 8939K, committed 9216K, reserved 327680K
GC Heap History (16 events):
Event: 1.449 GC heap before
{Heap before GC invocations=0 (full 0):
 garbage-first heap   total 262144K, used 26624K [0x00000000e0000000, 0x0000000100000000)
  region size 1024K, 23 young (23552K), 0 survivors (0K)
 Metaspace       used 3038K, committed 3136K, reserved 393216K
  class space    used 386K, committed 448K, reserved 327680K
}
Event: 1.458 GC heap after
{Heap after GC invocations=1 (full 0):
 garbage-first heap   total 262144K, used 10849K [0x00000000e0000000, 0x0000000100000000)
  region size 1024K, 3 young (3072K), 3 survivors (3072K)
 Metaspace       used 3038K, committed 3136K, reserved 393216K
  class space    used 386K, committed 448K, reserved 327680K
}
Event: 2.585 GC heap before
{Heap before GC invocations=1 (full 0):
 garbage-first heap   total 262144K, used 38497K [0x00000000e0000000, 0x0000000100000000)
  region size 1024K, 30 young (30720K), 3 survivors (3072K)
 Metaspace       used 4087K, committed 4224K, reserved 393216K
  class space    used 497K, committed 576K, reserved 327680K
}
Event: 2.588 GC heap after
{Heap after GC invocations=2 (full 0):
 garbage-first heap   total 262144K, used 11424K [0x00000000e0000000, 0x0000000100000000)
  region size 1024K, 1 young (1024K), 1 survivors (1024K)
 Metaspace       used 4087K, committed 4224K, reserved 393216K
  class space    used 497K, committed 576K, reserved 327680K
}
Event: 7.378 GC heap before
{Heap before GC invocations=2 (full 0):
 garbage-first heap   total 262144K, used 131232K [0x00000000e0000000, 0x0000000100000000)
  region size 1024K, 118 young (120832K), 1 survivors (1024K)
 Metaspace       used 21200K, committed 21504K, reserved 393216K
  class space    used 3096K, committed 3264K, reserved 327680K
}
Event: 7.388 GC heap after
{Heap after GC invocations=3 (full 0):
 garbage-first heap   total 262144K, used 22589K [0x00000000e0000000, 0x0000000100000000)
  region size 1024K, 12 young (12288K), 12 survivors (12288K)
 Metaspace       used 21200K, committed 21504K, reserved 393216K
  class space    used 3096K, committed 3264K, reserved 327680K
}
Event: 11.597 GC heap before
{Heap before GC invocations=4 (full 0):
 garbage-first heap   total 262144K, used 140349K [0x00000000e0000000, 0x0000000100000000)
  region size 1024K, 124 young (126976K), 12 survivors (12288K)
 Metaspace       used 35626K, committed 35968K, reserved 393216K
  class space    used 4969K, committed 5120K, reserved 327680K
}
Event: 11.608 GC heap after
{Heap after GC invocations=5 (full 0):
 garbage-first heap   total 262144K, used 31770K [0x00000000e0000000, 0x0000000100000000)
  region size 1024K, 10 young (10240K), 10 survivors (10240K)
 Metaspace       used 35626K, committed 35968K, reserved 393216K
  class space    used 4969K, committed 5120K, reserved 327680K
}
Event: 20.959 GC heap before
{Heap before GC invocations=6 (full 0):
 garbage-first heap   total 262144K, used 186394K [0x00000000e0000000, 0x0000000100000000)
  region size 1024K, 153 young (156672K), 10 survivors (10240K)
 Metaspace       used 47983K, committed 48384K, reserved 393216K
  class space    used 6743K, committed 6912K, reserved 327680K
}
Event: 20.970 GC heap after
{Heap after GC invocations=7 (full 0):
 garbage-first heap   total 262144K, used 48471K [0x00000000e0000000, 0x0000000100000000)
  region size 1024K, 19 young (19456K), 19 survivors (19456K)
 Metaspace       used 47983K, committed 48384K, reserved 393216K
  class space    used 6743K, committed 6912K, reserved 327680K
}
Event: 23.207 GC heap before
{Heap before GC invocations=7 (full 0):
 garbage-first heap   total 262144K, used 184663K [0x00000000e0000000, 0x0000000100000000)
  region size 1024K, 153 young (156672K), 19 survivors (19456K)
 Metaspace       used 55848K, committed 56384K, reserved 393216K
  class space    used 7785K, committed 8064K, reserved 327680K
}
Event: 23.216 GC heap after
{Heap after GC invocations=8 (full 0):
 garbage-first heap   total 262144K, used 58257K [0x00000000e0000000, 0x0000000100000000)
  region size 1024K, 20 young (20480K), 20 survivors (20480K)
 Metaspace       used 55848K, committed 56384K, reserved 393216K
  class space    used 7785K, committed 8064K, reserved 327680K
}
Event: 23.916 GC heap before
{Heap before GC invocations=8 (full 0):
 garbage-first heap   total 262144K, used 91025K [0x00000000e0000000, 0x0000000100000000)
  region size 1024K, 53 young (54272K), 20 survivors (20480K)
 Metaspace       used 59585K, committed 60096K, reserved 393216K
  class space    used 8295K, committed 8576K, reserved 327680K
}
Event: 23.922 GC heap after
{Heap after GC invocations=9 (full 0):
 garbage-first heap   total 262144K, used 61382K [0x00000000e0000000, 0x0000000100000000)
  region size 1024K, 13 young (13312K), 13 survivors (13312K)
 Metaspace       used 59585K, committed 60096K, reserved 393216K
  class space    used 8295K, committed 8576K, reserved 327680K
}
Event: 27.229 GC heap before
{Heap before GC invocations=10 (full 0):
 garbage-first heap   total 262144K, used 202694K [0x00000000e0000000, 0x0000000100000000)
  region size 1024K, 152 young (155648K), 13 survivors (13312K)
 Metaspace       used 64193K, committed 64704K, reserved 393216K
  class space    used 8780K, committed 9024K, reserved 327680K
}
Event: 27.251 GC heap after
{Heap after GC invocations=11 (full 0):
 garbage-first heap   total 262144K, used 73230K [0x00000000e0000000, 0x0000000100000000)
  region size 1024K, 14 young (14336K), 14 survivors (14336K)
 Metaspace       used 64193K, committed 64704K, reserved 393216K
  class space    used 8780K, committed 9024K, reserved 327680K
}

