# JRE version: OpenJDK Runtime Environment Corretto-17.0.9.8.1 (17.0.9+8) (build 17.0.9+8-LTS)
# Java VM: OpenJDK 64-Bit Server VM Corretto-17.0.9.8.1 (17.0.9+8-LTS, mixed mode, sharing, tiered, compressed oops, compressed class ptrs, g1 gc, windows-amd64)
GC Precious Log:
 CPUs: 8 total, 8 available
 Memory: 7886M
 Large Page Support: Disabled
 NUMA Support: Disabled
 Compressed Oops: Enabled (32-bit)
 Heap Region Size: 1M
 Heap Min Capacity: 256M
 Heap Initial Capacity: 256M
 Heap Max Capacity: 512M
 Pre-touch: Disabled
 Parallel Workers: 8
 Concurrent Workers: 2
 Concurrent Refinement Workers: 8
 Periodic GC: Disabled
Heap:
 garbage-first heap   total 262144K, used 186052K [0x00000000e0000000, 0x0000000100000000)
  region size 1024K, 125 young (128000K), 14 survivors (14336K)
 Metaspace       used 65136K, committed 65728K, reserved 393216K
  class space    used 8929K, committed 9216K, reserved 327680K
GC Heap History (16 events):
Event: 1.549 GC heap before
{Heap before GC invocations=0 (full 0):
 garbage-first heap   total 262144K, used 26624K [0x00000000e0000000, 0x0000000100000000)
  region size 1024K, 23 young (23552K), 0 survivors (0K)
 Metaspace       used 3040K, committed 3200K, reserved 393216K
  class space    used 389K, committed 448K, reserved 327680K
}
Event: 1.553 GC heap after
{Heap after GC invocations=1 (full 0):
 garbage-first heap   total 262144K, used 10468K [0x00000000e0000000, 0x0000000100000000)
  region size 1024K, 3 young (3072K), 3 survivors (3072K)
 Metaspace       used 3040K, committed 3200K, reserved 393216K
  class space    used 389K, committed 448K, reserved 327680K
}
Event: 2.650 GC heap before
{Heap before GC invocations=1 (full 0):
 garbage-first heap   total 262144K, used 38116K [0x00000000e0000000, 0x0000000100000000)
  region size 1024K, 30 young (30720K), 3 survivors (3072K)
 Metaspace       used 4052K, committed 4224K, reserved 393216K
  class space    used 498K, committed 576K, reserved 327680K
}
Event: 2.652 GC heap after
{Heap after GC invocations=2 (full 0):
 garbage-first heap   total 262144K, used 11324K [0x00000000e0000000, 0x0000000100000000)
  region size 1024K, 1 young (1024K), 1 survivors (1024K)
 Metaspace       used 4052K, committed 4224K, reserved 393216K
  class space    used 498K, committed 576K, reserved 327680K
}
Event: 9.104 GC heap before
{Heap before GC invocations=2 (full 0):
 garbage-first heap   total 262144K, used 130108K [0x00000000e0000000, 0x0000000100000000)
  region size 1024K, 117 young (119808K), 1 survivors (1024K)
 Metaspace       used 21195K, committed 21504K, reserved 393216K
  class space    used 3112K, committed 3264K, reserved 327680K
}
Event: 9.116 GC heap after
{Heap after GC invocations=3 (full 0):
 garbage-first heap   total 262144K, used 22468K [0x00000000e0000000, 0x0000000100000000)
  region size 1024K, 12 young (12288K), 12 survivors (12288K)
 Metaspace       used 21195K, committed 21504K, reserved 393216K
  class space    used 3112K, committed 3264K, reserved 327680K
}
Event: 12.279 GC heap before
{Heap before GC invocations=4 (full 0):
 garbage-first heap   total 262144K, used 139204K [0x00000000e0000000, 0x0000000100000000)
  region size 1024K, 123 young (125952K), 12 survivors (12288K)
 Metaspace       used 35654K, committed 35968K, reserved 393216K
  class space    used 4988K, committed 5120K, reserved 327680K
}
Event: 12.290 GC heap after
{Heap after GC invocations=5 (full 0):
 garbage-first heap   total 262144K, used 31805K [0x00000000e0000000, 0x0000000100000000)
  region size 1024K, 10 young (10240K), 10 survivors (10240K)
 Metaspace       used 35654K, committed 35968K, reserved 393216K
  class space    used 4988K, committed 5120K, reserved 327680K
}
Event: 17.164 GC heap before
{Heap before GC invocations=6 (full 0):
 garbage-first heap   total 262144K, used 186429K [0x00000000e0000000, 0x0000000100000000)
  region size 1024K, 153 young (156672K), 10 survivors (10240K)
 Metaspace       used 48124K, committed 48640K, reserved 393216K
  class space    used 6800K, committed 7040K, reserved 327680K
}
Event: 17.178 GC heap after
{Heap after GC invocations=7 (full 0):
 garbage-first heap   total 262144K, used 50176K [0x00000000e0000000, 0x0000000100000000)
  region size 1024K, 20 young (20480K), 20 survivors (20480K)
 Metaspace       used 48124K, committed 48640K, reserved 393216K
  class space    used 6800K, committed 7040K, reserved 327680K
}
Event: 19.706 GC heap before
{Heap before GC invocations=7 (full 0):
 garbage-first heap   total 262144K, used 185344K [0x00000000e0000000, 0x0000000100000000)
  region size 1024K, 153 young (156672K), 20 survivors (20480K)
 Metaspace       used 57022K, committed 57600K, reserved 393216K
  class space    used 7970K, committed 8256K, reserved 327680K
}
Event: 19.753 GC heap after
{Heap after GC invocations=8 (full 0):
 garbage-first heap   total 262144K, used 60089K [0x00000000e0000000, 0x0000000100000000)
  region size 1024K, 10 young (10240K), 10 survivors (10240K)
 Metaspace       used 57022K, committed 57600K, reserved 393216K
  class space    used 7970K, committed 8256K, reserved 327680K
}
Event: 20.519 GC heap before
{Heap before GC invocations=8 (full 0):
 garbage-first heap   total 262144K, used 86713K [0x00000000e0000000, 0x0000000100000000)
  region size 1024K, 37 young (37888K), 10 survivors (10240K)
 Metaspace       used 59570K, committed 60096K, reserved 393216K
  class space    used 8354K, committed 8640K, reserved 327680K
}
Event: 20.528 GC heap after
{Heap after GC invocations=9 (full 0):
 garbage-first heap   total 262144K, used 60881K [0x00000000e0000000, 0x0000000100000000)
  region size 1024K, 11 young (11264K), 11 survivors (11264K)
 Metaspace       used 59570K, committed 60096K, reserved 393216K
  class space    used 8354K, committed 8640K, reserved 327680K
}
Event: 25.349 GC heap before
{Heap before GC invocations=10 (full 0):
 garbage-first heap   total 262144K, used 202193K [0x00000000e0000000, 0x0000000100000000)
  region size 1024K, 150 young (153600K), 11 survivors (11264K)
 Metaspace       used 63808K, committed 64384K, reserved 393216K
  class space    used 8771K, committed 9024K, reserved 327680K
}
Event: 25.392 GC heap after
{Heap after GC invocations=11 (full 0):
 garbage-first heap   total 262144K, used 73412K [0x00000000e0000000, 0x0000000100000000)
  region size 1024K, 14 young (14336K), 14 survivors (14336K)
 Metaspace       used 63808K, committed 64384K, reserved 393216K
  class space    used 8771K, committed 9024K, reserved 327680K
}

