# JRE version: Java(TM) SE Runtime Environment (17.0.8+9) (build 17.0.8+9-LTS-211)
# Java VM: Java HotSpot(TM) 64-Bit Server VM (17.0.8+9-LTS-211, mixed mode, sharing, tiered, compressed oops, compressed class ptrs, g1 gc, windows-amd64)
GC Precious Log:
 CPUs: 16 total, 16 available
 Memory: 15941M
 Large Page Support: Disabled
 NUMA Support: Disabled
 Compressed Oops: Enabled (32-bit)
 Heap Region Size: 1M
 Heap Min Capacity: 256M
 Heap Initial Capacity: 256M
 Heap Max Capacity: 512M
 Pre-touch: Disabled
 Parallel Workers: 13
 Concurrent Workers: 3
 Concurrent Refinement Workers: 13
 Periodic GC: Disabled
Heap:
 garbage-first heap   total 262144K, used 101979K [0x00000000e0000000, 0x0000000100000000)
  region size 1024K, 29 young (29696K), 2 survivors (2048K)
 Metaspace       used 64425K, committed 65024K, reserved 393216K
  class space    used 8762K, committed 9088K, reserved 327680K
GC Heap History (20 events):
Event: 10.654 GC heap before
{Heap before GC invocations=2 (full 0):
 garbage-first heap   total 262144K, used 114867K [0x00000000e0000000, 0x0000000100000000)
  region size 1024K, 101 young (103424K), 1 survivors (1024K)
 Metaspace       used 18897K, committed 19200K, reserved 393216K
  class space    used 2750K, committed 2880K, reserved 327680K
}
Event: 10.691 GC heap after
{Heap after GC invocations=3 (full 0):
 garbage-first heap   total 262144K, used 21594K [0x00000000e0000000, 0x0000000100000000)
  region size 1024K, 11 young (11264K), 11 survivors (11264K)
 Metaspace       used 18897K, committed 19200K, reserved 393216K
  class space    used 2750K, committed 2880K, reserved 327680K
}
Event: 11.563 GC heap before
{Heap before GC invocations=3 (full 0):
 garbage-first heap   total 262144K, used 37978K [0x00000000e0000000, 0x0000000100000000)
  region size 1024K, 28 young (28672K), 11 survivors (11264K)
 Metaspace       used 21201K, committed 21504K, reserved 393216K
  class space    used 3094K, committed 3264K, reserved 327680K
}
Event: 11.576 GC heap after
{Heap after GC invocations=4 (full 0):
 garbage-first heap   total 262144K, used 23137K [0x00000000e0000000, 0x0000000100000000)
  region size 1024K, 12 young (12288K), 12 survivors (12288K)
 Metaspace       used 21201K, committed 21504K, reserved 393216K
  class space    used 3094K, committed 3264K, reserved 327680K
}
Event: 17.794 GC heap before
{Heap before GC invocations=5 (full 0):
 garbage-first heap   total 262144K, used 142945K [0x00000000e0000000, 0x0000000100000000)
  region size 1024K, 126 young (129024K), 12 survivors (12288K)
 Metaspace       used 35662K, committed 35968K, reserved 393216K
  class space    used 4959K, committed 5120K, reserved 327680K
}
Event: 17.821 GC heap after
{Heap after GC invocations=6 (full 0):
 garbage-first heap   total 262144K, used 32038K [0x00000000e0000000, 0x0000000100000000)
  region size 1024K, 11 young (11264K), 11 survivors (11264K)
 Metaspace       used 35662K, committed 35968K, reserved 393216K
  class space    used 4959K, committed 5120K, reserved 327680K
}
Event: 17.858 GC heap before
{Heap before GC invocations=6 (full 0):
 garbage-first heap   total 262144K, used 33062K [0x00000000e0000000, 0x0000000100000000)
  region size 1024K, 12 young (12288K), 11 survivors (11264K)
 Metaspace       used 35797K, committed 36160K, reserved 393216K
  class space    used 4986K, committed 5184K, reserved 327680K
}
Event: 17.878 GC heap after
{Heap after GC invocations=7 (full 0):
 garbage-first heap   total 262144K, used 31825K [0x00000000e0000000, 0x0000000100000000)
  region size 1024K, 2 young (2048K), 2 survivors (2048K)
 Metaspace       used 35797K, committed 36160K, reserved 393216K
  class space    used 4986K, committed 5184K, reserved 327680K
}
Event: 17.917 GC heap before
{Heap before GC invocations=7 (full 0):
 garbage-first heap   total 262144K, used 32849K [0x00000000e0000000, 0x0000000100000000)
  region size 1024K, 4 young (4096K), 2 survivors (2048K)
 Metaspace       used 35958K, committed 36288K, reserved 393216K
  class space    used 5011K, committed 5184K, reserved 327680K
}
Event: 17.918 GC heap after
{Heap after GC invocations=8 (full 0):
 garbage-first heap   total 262144K, used 30937K [0x00000000e0000000, 0x0000000100000000)
  region size 1024K, 1 young (1024K), 1 survivors (1024K)
 Metaspace       used 35958K, committed 36288K, reserved 393216K
  class space    used 5011K, committed 5184K, reserved 327680K
}
Event: 23.297 GC heap before
{Heap before GC invocations=9 (full 0):
 garbage-first heap   total 262144K, used 194777K [0x00000000e0000000, 0x0000000100000000)
  region size 1024K, 153 young (156672K), 1 survivors (1024K)
 Metaspace       used 48304K, committed 48832K, reserved 393216K
  class space    used 6795K, committed 7040K, reserved 327680K
}
Event: 23.320 GC heap after
{Heap after GC invocations=10 (full 0):
 garbage-first heap   total 262144K, used 49929K [0x00000000e0000000, 0x0000000100000000)
  region size 1024K, 12 young (12288K), 12 survivors (12288K)
 Metaspace       used 48304K, committed 48832K, reserved 393216K
  class space    used 6795K, committed 7040K, reserved 327680K
}
Event: 27.922 GC heap before
{Heap before GC invocations=10 (full 0):
 garbage-first heap   total 262144K, used 194313K [0x00000000e0000000, 0x0000000100000000)
  region size 1024K, 153 young (156672K), 12 survivors (12288K)
 Metaspace       used 58494K, committed 59008K, reserved 393216K
  class space    used 8121K, committed 8384K, reserved 327680K
}
Event: 27.943 GC heap after
{Heap after GC invocations=11 (full 0):
 garbage-first heap   total 262144K, used 59873K [0x00000000e0000000, 0x0000000100000000)
  region size 1024K, 10 young (10240K), 10 survivors (10240K)
 Metaspace       used 58494K, committed 59008K, reserved 393216K
  class space    used 8121K, committed 8384K, reserved 327680K
}
Event: 28.808 GC heap before
{Heap before GC invocations=11 (full 0):
 garbage-first heap   total 262144K, used 81377K [0x00000000e0000000, 0x0000000100000000)
  region size 1024K, 33 young (33792K), 10 survivors (10240K)
 Metaspace       used 60326K, committed 60800K, reserved 393216K
  class space    used 8453K, committed 8704K, reserved 327680K
}
Event: 28.822 GC heap after
{Heap after GC invocations=12 (full 0):
 garbage-first heap   total 262144K, used 61983K [0x00000000e0000000, 0x0000000100000000)
  region size 1024K, 12 young (12288K), 12 survivors (12288K)
 Metaspace       used 60326K, committed 60800K, reserved 393216K
  class space    used 8453K, committed 8704K, reserved 327680K
}
Event: 33.998 GC heap before
{Heap before GC invocations=13 (full 0):
 garbage-first heap   total 262144K, used 205343K [0x00000000e0000000, 0x0000000100000000)
  region size 1024K, 153 young (156672K), 12 survivors (12288K)
 Metaspace       used 64244K, committed 64832K, reserved 393216K
  class space    used 8760K, committed 9088K, reserved 327680K
}
Event: 34.029 GC heap after
{Heap after GC invocations=14 (full 0):
 garbage-first heap   total 262144K, used 74453K [0x00000000e0000000, 0x0000000100000000)
  region size 1024K, 15 young (15360K), 15 survivors (15360K)
 Metaspace       used 64244K, committed 64832K, reserved 393216K
  class space    used 8760K, committed 9088K, reserved 327680K
}
Event: 34.047 GC heap before
{Heap before GC invocations=14 (full 0):
 garbage-first heap   total 262144K, used 75477K [0x00000000e0000000, 0x0000000100000000)
  region size 1024K, 16 young (16384K), 15 survivors (15360K)
 Metaspace       used 64244K, committed 64832K, reserved 393216K
  class space    used 8760K, committed 9088K, reserved 327680K
}
Event: 34.074 GC heap after
{Heap after GC invocations=15 (full 0):
 garbage-first heap   total 262144K, used 75355K [0x00000000e0000000, 0x0000000100000000)
  region size 1024K, 2 young (2048K), 2 survivors (2048K)
 Metaspace       used 64244K, committed 64832K, reserved 393216K
  class space    used 8760K, committed 9088K, reserved 327680K
}

