# JRE version: OpenJDK Runtime Environment Corretto-17.0.9.8.1 (17.0.9+8) (build 17.0.9+8-LTS)
# Java VM: OpenJDK 64-Bit Server VM Corretto-17.0.9.8.1 (17.0.9+8-LTS, mixed mode, sharing, tiered, compressed oops, compressed class ptrs, g1 gc, windows-amd64)
GC Precious Log:
 CPUs: 8 total, 8 available
 Memory: 7886M
 Large Page Support: Disabled
 NUMA Support: Disabled
 Compressed Oops: Enabled (32-bit)
 Heap Region Size: 1M
 Heap Min Capacity: 256M
 Heap Initial Capacity: 256M
 Heap Max Capacity: 512M
 Pre-touch: Disabled
 Parallel Workers: 8
 Concurrent Workers: 2
 Concurrent Refinement Workers: 8
 Periodic GC: Disabled
Heap:
 garbage-first heap   total 262144K, used 179696K [0x00000000e0000000, 0x0000000100000000)
  region size 1024K, 119 young (121856K), 15 survivors (15360K)
 Metaspace       used 65085K, committed 65664K, reserved 393216K
  class space    used 8915K, committed 9216K, reserved 327680K
GC Heap History (16 events):
Event: 2.175 GC heap before
{Heap before GC invocations=0 (full 0):
 garbage-first heap   total 262144K, used 26624K [0x00000000e0000000, 0x0000000100000000)
  region size 1024K, 23 young (23552K), 0 survivors (0K)
 Metaspace       used 3038K, committed 3136K, reserved 393216K
  class space    used 389K, committed 448K, reserved 327680K
}
Event: 2.195 GC heap after
{Heap after GC invocations=1 (full 0):
 garbage-first heap   total 262144K, used 10669K [0x00000000e0000000, 0x0000000100000000)
  region size 1024K, 3 young (3072K), 3 survivors (3072K)
 Metaspace       used 3038K, committed 3136K, reserved 393216K
  class space    used 389K, committed 448K, reserved 327680K
}
Event: 3.383 GC heap before
{Heap before GC invocations=1 (full 0):
 garbage-first heap   total 262144K, used 37293K [0x00000000e0000000, 0x0000000100000000)
  region size 1024K, 29 young (29696K), 3 survivors (3072K)
 Metaspace       used 4055K, committed 4224K, reserved 393216K
  class space    used 497K, committed 576K, reserved 327680K
}
Event: 3.385 GC heap after
{Heap after GC invocations=2 (full 0):
 garbage-first heap   total 262144K, used 11785K [0x00000000e0000000, 0x0000000100000000)
  region size 1024K, 1 young (1024K), 1 survivors (1024K)
 Metaspace       used 4055K, committed 4224K, reserved 393216K
  class space    used 497K, committed 576K, reserved 327680K
}
Event: 10.247 GC heap before
{Heap before GC invocations=2 (full 0):
 garbage-first heap   total 262144K, used 132617K [0x00000000e0000000, 0x0000000100000000)
  region size 1024K, 119 young (121856K), 1 survivors (1024K)
 Metaspace       used 21256K, committed 21504K, reserved 393216K
  class space    used 3126K, committed 3264K, reserved 327680K
}
Event: 10.274 GC heap after
{Heap after GC invocations=3 (full 0):
 garbage-first heap   total 262144K, used 23011K [0x00000000e0000000, 0x0000000100000000)
  region size 1024K, 12 young (12288K), 12 survivors (12288K)
 Metaspace       used 21256K, committed 21504K, reserved 393216K
  class space    used 3126K, committed 3264K, reserved 327680K
}
Event: 14.369 GC heap before
{Heap before GC invocations=4 (full 0):
 garbage-first heap   total 262144K, used 139747K [0x00000000e0000000, 0x0000000100000000)
  region size 1024K, 123 young (125952K), 12 survivors (12288K)
 Metaspace       used 35719K, committed 36096K, reserved 393216K
  class space    used 4994K, committed 5120K, reserved 327680K
}
Event: 14.383 GC heap after
{Heap after GC invocations=5 (full 0):
 garbage-first heap   total 262144K, used 31674K [0x00000000e0000000, 0x0000000100000000)
  region size 1024K, 9 young (9216K), 9 survivors (9216K)
 Metaspace       used 35719K, committed 36096K, reserved 393216K
  class space    used 4994K, committed 5120K, reserved 327680K
}
Event: 20.772 GC heap before
{Heap before GC invocations=6 (full 0):
 garbage-first heap   total 262144K, used 188346K [0x00000000e0000000, 0x0000000100000000)
  region size 1024K, 153 young (156672K), 9 survivors (9216K)
 Metaspace       used 48104K, committed 48512K, reserved 393216K
  class space    used 6787K, committed 6976K, reserved 327680K
}
Event: 20.787 GC heap after
{Heap after GC invocations=7 (full 0):
 garbage-first heap   total 262144K, used 50471K [0x00000000e0000000, 0x0000000100000000)
  region size 1024K, 20 young (20480K), 20 survivors (20480K)
 Metaspace       used 48104K, committed 48512K, reserved 393216K
  class space    used 6787K, committed 6976K, reserved 327680K
}
Event: 23.402 GC heap before
{Heap before GC invocations=7 (full 0):
 garbage-first heap   total 262144K, used 185639K [0x00000000e0000000, 0x0000000100000000)
  region size 1024K, 153 young (156672K), 20 survivors (20480K)
 Metaspace       used 57121K, committed 57664K, reserved 393216K
  class space    used 7976K, committed 8256K, reserved 327680K
}
Event: 23.422 GC heap after
{Heap after GC invocations=8 (full 0):
 garbage-first heap   total 262144K, used 60203K [0x00000000e0000000, 0x0000000100000000)
  region size 1024K, 10 young (10240K), 10 survivors (10240K)
 Metaspace       used 57121K, committed 57664K, reserved 393216K
  class space    used 7976K, committed 8256K, reserved 327680K
}
Event: 24.194 GC heap before
{Heap before GC invocations=8 (full 0):
 garbage-first heap   total 262144K, used 90923K [0x00000000e0000000, 0x0000000100000000)
  region size 1024K, 41 young (41984K), 10 survivors (10240K)
 Metaspace       used 59922K, committed 60480K, reserved 393216K
  class space    used 8425K, committed 8704K, reserved 327680K
}
Event: 24.200 GC heap after
{Heap after GC invocations=9 (full 0):
 garbage-first heap   total 262144K, used 61756K [0x00000000e0000000, 0x0000000100000000)
  region size 1024K, 12 young (12288K), 12 survivors (12288K)
 Metaspace       used 59922K, committed 60480K, reserved 393216K
  class space    used 8425K, committed 8704K, reserved 327680K
}
Event: 29.618 GC heap before
{Heap before GC invocations=10 (full 0):
 garbage-first heap   total 262144K, used 202044K [0x00000000e0000000, 0x0000000100000000)
  region size 1024K, 150 young (153600K), 12 survivors (12288K)
 Metaspace       used 63775K, committed 64320K, reserved 393216K
  class space    used 8760K, committed 9024K, reserved 327680K
}
Event: 29.640 GC heap after
{Heap after GC invocations=11 (full 0):
 garbage-first heap   total 262144K, used 74224K [0x00000000e0000000, 0x0000000100000000)
  region size 1024K, 15 young (15360K), 15 survivors (15360K)
 Metaspace       used 63775K, committed 64320K, reserved 393216K
  class space    used 8760K, committed 9024K, reserved 327680K
}

