# JRE version: OpenJDK Runtime Environment Corretto-17.0.9.8.1 (17.0.9+8) (build 17.0.9+8-LTS)
# Java VM: OpenJDK 64-Bit Server VM Corretto-17.0.9.8.1 (17.0.9+8-LTS, mixed mode, sharing, tiered, compressed oops, compressed class ptrs, g1 gc, windows-amd64)
GC Precious Log:
 CPUs: 8 total, 8 available
 Memory: 7886M
 Large Page Support: Disabled
 NUMA Support: Disabled
 Compressed Oops: Enabled (32-bit)
 Heap Region Size: 1M
 Heap Min Capacity: 256M
 Heap Initial Capacity: 256M
 Heap Max Capacity: 512M
 Pre-touch: Disabled
 Parallel Workers: 8
 Concurrent Workers: 2
 Concurrent Refinement Workers: 8
 Periodic GC: Disabled
Heap:
 garbage-first heap   total 262144K, used 189002K [0x00000000e0000000, 0x0000000100000000)
  region size 1024K, 128 young (131072K), 14 survivors (14336K)
 Metaspace       used 65278K, committed 65920K, reserved 393216K
  class space    used 8920K, committed 9280K, reserved 327680K
GC Heap History (16 events):
Event: 23.487 GC heap before
{Heap before GC invocations=0 (full 0):
 garbage-first heap   total 262144K, used 26624K [0x00000000e0000000, 0x0000000100000000)
  region size 1024K, 23 young (23552K), 0 survivors (0K)
 Metaspace       used 3054K, committed 3200K, reserved 393216K
  class space    used 389K, committed 448K, reserved 327680K
}
Event: 23.519 GC heap after
{Heap after GC invocations=1 (full 0):
 garbage-first heap   total 262144K, used 10688K [0x00000000e0000000, 0x0000000100000000)
  region size 1024K, 3 young (3072K), 3 survivors (3072K)
 Metaspace       used 3054K, committed 3200K, reserved 393216K
  class space    used 389K, committed 448K, reserved 327680K
}
Event: 27.806 GC heap before
{Heap before GC invocations=1 (full 0):
 garbage-first heap   total 262144K, used 36288K [0x00000000e0000000, 0x0000000100000000)
  region size 1024K, 28 young (28672K), 3 survivors (3072K)
 Metaspace       used 4062K, committed 4224K, reserved 393216K
  class space    used 497K, committed 576K, reserved 327680K
}
Event: 27.810 GC heap after
{Heap after GC invocations=2 (full 0):
 garbage-first heap   total 262144K, used 11907K [0x00000000e0000000, 0x0000000100000000)
  region size 1024K, 1 young (1024K), 1 survivors (1024K)
 Metaspace       used 4062K, committed 4224K, reserved 393216K
  class space    used 497K, committed 576K, reserved 327680K
}
Event: 41.574 GC heap before
{Heap before GC invocations=2 (full 0):
 garbage-first heap   total 262144K, used 131715K [0x00000000e0000000, 0x0000000100000000)
  region size 1024K, 119 young (121856K), 1 survivors (1024K)
 Metaspace       used 21244K, committed 21504K, reserved 393216K
  class space    used 3112K, committed 3264K, reserved 327680K
}
Event: 41.602 GC heap after
{Heap after GC invocations=3 (full 0):
 garbage-first heap   total 262144K, used 23236K [0x00000000e0000000, 0x0000000100000000)
  region size 1024K, 12 young (12288K), 12 survivors (12288K)
 Metaspace       used 21244K, committed 21504K, reserved 393216K
  class space    used 3112K, committed 3264K, reserved 327680K
}
Event: 51.908 GC heap before
{Heap before GC invocations=4 (full 0):
 garbage-first heap   total 262144K, used 139972K [0x00000000e0000000, 0x0000000100000000)
  region size 1024K, 123 young (125952K), 12 survivors (12288K)
 Metaspace       used 35609K, committed 35968K, reserved 393216K
  class space    used 4972K, committed 5184K, reserved 327680K
}
Event: 51.947 GC heap after
{Heap after GC invocations=5 (full 0):
 garbage-first heap   total 262144K, used 32344K [0x00000000e0000000, 0x0000000100000000)
  region size 1024K, 10 young (10240K), 10 survivors (10240K)
 Metaspace       used 35609K, committed 35968K, reserved 393216K
  class space    used 4972K, committed 5184K, reserved 327680K
}
Event: 72.814 GC heap before
{Heap before GC invocations=6 (full 0):
 garbage-first heap   total 262144K, used 186968K [0x00000000e0000000, 0x0000000100000000)
  region size 1024K, 153 young (156672K), 10 survivors (10240K)
 Metaspace       used 47973K, committed 48512K, reserved 393216K
  class space    used 6745K, committed 6976K, reserved 327680K
}
Event: 72.843 GC heap after
{Heap after GC invocations=7 (full 0):
 garbage-first heap   total 262144K, used 49655K [0x00000000e0000000, 0x0000000100000000)
  region size 1024K, 20 young (20480K), 20 survivors (20480K)
 Metaspace       used 47973K, committed 48512K, reserved 393216K
  class space    used 6745K, committed 6976K, reserved 327680K
}
Event: 79.686 GC heap before
{Heap before GC invocations=7 (full 0):
 garbage-first heap   total 262144K, used 185847K [0x00000000e0000000, 0x0000000100000000)
  region size 1024K, 153 young (156672K), 20 survivors (20480K)
 Metaspace       used 56244K, committed 56768K, reserved 393216K
  class space    used 7849K, committed 8128K, reserved 327680K
}
Event: 79.753 GC heap after
{Heap after GC invocations=8 (full 0):
 garbage-first heap   total 262144K, used 60042K [0x00000000e0000000, 0x0000000100000000)
  region size 1024K, 11 young (11264K), 11 survivors (11264K)
 Metaspace       used 56244K, committed 56768K, reserved 393216K
  class space    used 7849K, committed 8128K, reserved 327680K
}
Event: 82.161 GC heap before
{Heap before GC invocations=8 (full 0):
 garbage-first heap   total 262144K, used 90762K [0x00000000e0000000, 0x0000000100000000)
  region size 1024K, 42 young (43008K), 11 survivors (11264K)
 Metaspace       used 59580K, committed 60096K, reserved 393216K
  class space    used 8316K, committed 8576K, reserved 327680K
}
Event: 82.200 GC heap after
{Heap after GC invocations=9 (full 0):
 garbage-first heap   total 262144K, used 62549K [0x00000000e0000000, 0x0000000100000000)
  region size 1024K, 3 young (3072K), 3 survivors (3072K)
 Metaspace       used 59580K, committed 60096K, reserved 393216K
  class space    used 8316K, committed 8576K, reserved 327680K
}
Event: 92.703 GC heap before
{Heap before GC invocations=10 (full 0):
 garbage-first heap   total 262144K, used 201813K [0x00000000e0000000, 0x0000000100000000)
  region size 1024K, 140 young (143360K), 3 survivors (3072K)
 Metaspace       used 63881K, committed 64448K, reserved 393216K
  class space    used 8763K, committed 9024K, reserved 327680K
}
Event: 92.719 GC heap after
{Heap after GC invocations=11 (full 0):
 garbage-first heap   total 262144K, used 73290K [0x00000000e0000000, 0x0000000100000000)
  region size 1024K, 14 young (14336K), 14 survivors (14336K)
 Metaspace       used 63881K, committed 64448K, reserved 393216K
  class space    used 8763K, committed 9024K, reserved 327680K
}

