# JRE version: OpenJDK Runtime Environment Corretto-17.0.9.8.1 (17.0.9+8) (build 17.0.9+8-LTS)
# Java VM: OpenJDK 64-Bit Server VM Corretto-17.0.9.8.1 (17.0.9+8-LTS, mixed mode, sharing, tiered, compressed oops, compressed class ptrs, g1 gc, windows-amd64)
GC Precious Log:
 CPUs: 8 total, 8 available
 Memory: 7886M
 Large Page Support: Disabled
 NUMA Support: Disabled
 Compressed Oops: Enabled (32-bit)
 Heap Region Size: 1M
 Heap Min Capacity: 256M
 Heap Initial Capacity: 256M
 Heap Max Capacity: 512M
 Pre-touch: Disabled
 Parallel Workers: 8
 Concurrent Workers: 2
 Concurrent Refinement Workers: 8
 Periodic GC: Disabled
Heap:
 garbage-first heap   total 262144K, used 190688K [0x00000000e0000000, 0x0000000100000000)
  region size 1024K, 130 young (133120K), 15 survivors (15360K)
 Metaspace       used 65270K, committed 65856K, reserved 393216K
  class space    used 8920K, committed 9216K, reserved 327680K
GC Heap History (16 events):
Event: 0.888 GC heap before
{Heap before GC invocations=0 (full 0):
 garbage-first heap   total 262144K, used 26624K [0x00000000e0000000, 0x0000000100000000)
  region size 1024K, 23 young (23552K), 0 survivors (0K)
 Metaspace       used 3031K, committed 3136K, reserved 393216K
  class space    used 389K, committed 448K, reserved 327680K
}
Event: 0.893 GC heap after
{Heap after GC invocations=1 (full 0):
 garbage-first heap   total 262144K, used 10943K [0x00000000e0000000, 0x0000000100000000)
  region size 1024K, 3 young (3072K), 3 survivors (3072K)
 Metaspace       used 3031K, committed 3136K, reserved 393216K
  class space    used 389K, committed 448K, reserved 327680K
}
Event: 1.697 GC heap before
{Heap before GC invocations=1 (full 0):
 garbage-first heap   total 262144K, used 38591K [0x00000000e0000000, 0x0000000100000000)
  region size 1024K, 30 young (30720K), 3 survivors (3072K)
 Metaspace       used 4047K, committed 4224K, reserved 393216K
  class space    used 497K, committed 576K, reserved 327680K
}
Event: 1.700 GC heap after
{Heap after GC invocations=2 (full 0):
 garbage-first heap   total 262144K, used 11750K [0x00000000e0000000, 0x0000000100000000)
  region size 1024K, 1 young (1024K), 1 survivors (1024K)
 Metaspace       used 4047K, committed 4224K, reserved 393216K
  class space    used 497K, committed 576K, reserved 327680K
}
Event: 6.863 GC heap before
{Heap before GC invocations=2 (full 0):
 garbage-first heap   total 262144K, used 131558K [0x00000000e0000000, 0x0000000100000000)
  region size 1024K, 118 young (120832K), 1 survivors (1024K)
 Metaspace       used 21249K, committed 21504K, reserved 393216K
  class space    used 3125K, committed 3264K, reserved 327680K
}
Event: 6.876 GC heap after
{Heap after GC invocations=3 (full 0):
 garbage-first heap   total 262144K, used 23277K [0x00000000e0000000, 0x0000000100000000)
  region size 1024K, 13 young (13312K), 13 survivors (13312K)
 Metaspace       used 21249K, committed 21504K, reserved 393216K
  class space    used 3125K, committed 3264K, reserved 327680K
}
Event: 11.324 GC heap before
{Heap before GC invocations=4 (full 0):
 garbage-first heap   total 262144K, used 142061K [0x00000000e0000000, 0x0000000100000000)
  region size 1024K, 126 young (129024K), 13 survivors (13312K)
 Metaspace       used 35661K, committed 35968K, reserved 393216K
  class space    used 4987K, committed 5120K, reserved 327680K
}
Event: 11.338 GC heap after
{Heap after GC invocations=5 (full 0):
 garbage-first heap   total 262144K, used 31953K [0x00000000e0000000, 0x0000000100000000)
  region size 1024K, 10 young (10240K), 10 survivors (10240K)
 Metaspace       used 35661K, committed 35968K, reserved 393216K
  class space    used 4987K, committed 5120K, reserved 327680K
}
Event: 16.191 GC heap before
{Heap before GC invocations=6 (full 0):
 garbage-first heap   total 262144K, used 186577K [0x00000000e0000000, 0x0000000100000000)
  region size 1024K, 153 young (156672K), 10 survivors (10240K)
 Metaspace       used 47816K, committed 48320K, reserved 393216K
  class space    used 6730K, committed 6976K, reserved 327680K
}
Event: 16.204 GC heap after
{Heap after GC invocations=7 (full 0):
 garbage-first heap   total 262144K, used 48229K [0x00000000e0000000, 0x0000000100000000)
  region size 1024K, 19 young (19456K), 19 survivors (19456K)
 Metaspace       used 47816K, committed 48320K, reserved 393216K
  class space    used 6730K, committed 6976K, reserved 327680K
}
Event: 18.197 GC heap before
{Heap before GC invocations=7 (full 0):
 garbage-first heap   total 262144K, used 185445K [0x00000000e0000000, 0x0000000100000000)
  region size 1024K, 153 young (156672K), 19 survivors (19456K)
 Metaspace       used 55840K, committed 56384K, reserved 393216K
  class space    used 7793K, committed 8064K, reserved 327680K
}
Event: 18.211 GC heap after
{Heap after GC invocations=8 (full 0):
 garbage-first heap   total 262144K, used 58282K [0x00000000e0000000, 0x0000000100000000)
  region size 1024K, 20 young (20480K), 20 survivors (20480K)
 Metaspace       used 55840K, committed 56384K, reserved 393216K
  class space    used 7793K, committed 8064K, reserved 327680K
}
Event: 18.809 GC heap before
{Heap before GC invocations=8 (full 0):
 garbage-first heap   total 262144K, used 96170K [0x00000000e0000000, 0x0000000100000000)
  region size 1024K, 58 young (59392K), 20 survivors (20480K)
 Metaspace       used 59723K, committed 60288K, reserved 393216K
  class space    used 8351K, committed 8640K, reserved 327680K
}
Event: 18.819 GC heap after
{Heap after GC invocations=9 (full 0):
 garbage-first heap   total 262144K, used 61754K [0x00000000e0000000, 0x0000000100000000)
  region size 1024K, 13 young (13312K), 13 survivors (13312K)
 Metaspace       used 59723K, committed 60288K, reserved 393216K
  class space    used 8351K, committed 8640K, reserved 327680K
}
Event: 23.937 GC heap before
{Heap before GC invocations=10 (full 0):
 garbage-first heap   total 262144K, used 202042K [0x00000000e0000000, 0x0000000100000000)
  region size 1024K, 151 young (154624K), 13 survivors (13312K)
 Metaspace       used 63800K, committed 64384K, reserved 393216K
  class space    used 8763K, committed 9024K, reserved 327680K
}
Event: 23.952 GC heap after
{Heap after GC invocations=11 (full 0):
 garbage-first heap   total 262144K, used 73952K [0x00000000e0000000, 0x0000000100000000)
  region size 1024K, 15 young (15360K), 15 survivors (15360K)
 Metaspace       used 63800K, committed 64384K, reserved 393216K
  class space    used 8763K, committed 9024K, reserved 327680K
}

